android/app/build/intermediates/manifest_merge_blame_file/debug/manifest-merger-blame-debug-report.txt
1<?xml version="1.0" encoding="utf-8"?>
2<manifest xmlns:android="http://schemas.android.com/apk/res/android"
3    package="com.splitpay"
4    android:versionCode="1"
5    android:versionName="1.0" >
6
7    <uses-sdk
8        android:minSdkVersion="21"
9        android:targetSdkVersion="29" />
10
11    <uses-permission android:name="android.permission.SYSTEM_ALERT_WINDOW" />
11-->src/debug/AndroidManifest.xml:5:5-77
11-->src/debug/AndroidManifest.xml:5:22-75
12    <uses-permission android:name="android.permission.INTERNET" />
12-->src/main/AndroidManifest.xml:4:5-67
12-->src/main/AndroidManifest.xml:4:22-64
13    <uses-permission android:name="android.permission.CAMERA" />
13-->src/main/AndroidManifest.xml:5:5-65
13-->src/main/AndroidManifest.xml:5:22-62
14    <uses-permission android:name="android.permission.VIBRATE" />
14-->src/main/AndroidManifest.xml:6:5-65
14-->src/main/AndroidManifest.xml:6:22-63
15    <uses-permission android:name="android.permission.WRITE_CONTACTS" />
15-->src/main/AndroidManifest.xml:7:5-73
15-->src/main/AndroidManifest.xml:7:22-70
16    <uses-permission android:name="android.permission.READ_CONTACTS" />
16-->src/main/AndroidManifest.xml:8:5-72
16-->src/main/AndroidManifest.xml:8:22-69
17    <uses-permission android:name="android.permission.RECEIVE_BOOT_COMPLETED" />
17-->src/main/AndroidManifest.xml:9:5-81
17-->src/main/AndroidManifest.xml:9:22-78
18    <uses-permission android:name="android.permission.ACCESS_WIFI_STATE" />
18-->[com.facebook.flipper:flipper:0.75.1] AndroidManifest.xml:16:5-76
18-->[com.facebook.flipper:flipper:0.75.1] AndroidManifest.xml:16:22-73
19    <uses-permission android:name="android.permission.WAKE_LOCK" />
19-->[:react-native-firebase_auth] AndroidManifest.xml:12:5-68
19-->[:react-native-firebase_auth] AndroidManifest.xml:12:22-65
20    <uses-permission android:name="android.permission.ACCESS_NETWORK_STATE" />
20-->[:react-native-firebase_auth] AndroidManifest.xml:13:5-79
20-->[:react-native-firebase_auth] AndroidManifest.xml:13:22-76
21
22    <uses-feature
22-->[:react-native-camera] AndroidManifest.xml:11:5-13:36
23        android:name="android.hardware.camera"
23-->[:react-native-camera] AndroidManifest.xml:12:9-47
24        android:required="false" />
24-->[:react-native-camera] AndroidManifest.xml:13:9-33
25    <uses-feature
25-->[:react-native-camera] AndroidManifest.xml:14:5-16:36
26        android:name="android.hardware.camera.autofocus"
26-->[:react-native-camera] AndroidManifest.xml:15:9-57
27        android:required="false" /> <!-- Required by older versions of Google Play services to create IID tokens -->
27-->[:react-native-camera] AndroidManifest.xml:16:9-33
28    <uses-permission android:name="com.google.android.c2dm.permission.RECEIVE" />
28-->[com.google.firebase:firebase-messaging:23.0.0] AndroidManifest.xml:25:5-82
28-->[com.google.firebase:firebase-messaging:23.0.0] AndroidManifest.xml:25:22-79
29    <uses-permission android:name="com.google.android.finsky.permission.BIND_GET_INSTALL_REFERRER_SERVICE" /> <!-- Include required permissions for Advertising Id -->
29-->[com.google.android.gms:play-services-measurement:20.1.0] AndroidManifest.xml:26:5-110
29-->[com.google.android.gms:play-services-measurement:20.1.0] AndroidManifest.xml:26:22-107
30    <uses-permission android:name="com.google.android.gms.permission.AD_ID" />
30-->[com.google.android.gms:play-services-ads-identifier:18.0.0] AndroidManifest.xml:23:5-79
30-->[com.google.android.gms:play-services-ads-identifier:18.0.0] AndroidManifest.xml:23:22-76
31
32    <application
32-->src/main/AndroidManifest.xml:13:5-37:19
33        android:name="com.splitpay.MainApplication"
33-->src/main/AndroidManifest.xml:14:7-38
34        android:allowBackup="false"
34-->src/main/AndroidManifest.xml:18:7-34
35        android:appComponentFactory="androidx.core.app.CoreComponentFactory"
35-->[androidx.core:core:1.2.0] AndroidManifest.xml:24:18-86
36        android:debuggable="true"
37        android:icon="@mipmap/ic_launcher"
37-->src/main/AndroidManifest.xml:16:7-41
38        android:label="@string/app_name"
38-->src/main/AndroidManifest.xml:15:7-39
39        android:roundIcon="@mipmap/ic_launcher_round"
39-->src/main/AndroidManifest.xml:17:7-52
40        android:theme="@style/AppTheme"
40-->src/main/AndroidManifest.xml:19:7-38
41        android:usesCleartextTraffic="true" >
41-->src/debug/AndroidManifest.xml:8:9-44
42        <activity android:name="com.facebook.react.devsupport.DevSettingsActivity" />
42-->src/debug/AndroidManifest.xml:11:9-86
42-->src/debug/AndroidManifest.xml:11:19-83
43        <activity
43-->src/main/AndroidManifest.xml:20:7-36:18
44            android:name="com.splitpay.MainActivity"
44-->src/main/AndroidManifest.xml:21:9-37
45            android:configChanges="keyboard|keyboardHidden|orientation|screenSize|uiMode"
45-->src/main/AndroidManifest.xml:23:9-86
46            android:label="@string/app_name"
46-->src/main/AndroidManifest.xml:22:9-41
47            android:launchMode="singleTask"
47-->src/main/AndroidManifest.xml:24:9-40
48            android:windowSoftInputMode="adjustResize" >
48-->src/main/AndroidManifest.xml:25:9-51
49            <intent-filter>
49-->src/main/AndroidManifest.xml:26:9-29:25
50                <action android:name="android.intent.action.MAIN" />
50-->src/main/AndroidManifest.xml:27:13-65
50-->src/main/AndroidManifest.xml:27:21-62
51
52                <category android:name="android.intent.category.LAUNCHER" />
52-->src/main/AndroidManifest.xml:28:13-73
52-->src/main/AndroidManifest.xml:28:23-70
53            </intent-filter>
54            <intent-filter android:label="MyUPIApp" >
54-->src/main/AndroidManifest.xml:30:9-35:25
54-->src/main/AndroidManifest.xml:30:24-48
55                <action android:name="android.intent.action.VIEW" />
55-->src/main/AndroidManifest.xml:31:13-65
55-->src/main/AndroidManifest.xml:31:21-62
56
57                <category android:name="android.intent.category.DEFAULT" />
57-->src/main/AndroidManifest.xml:32:13-72
57-->src/main/AndroidManifest.xml:32:23-69
58                <category android:name="android.intent.category.BROWSABLE" />
58-->src/main/AndroidManifest.xml:33:13-74
58-->src/main/AndroidManifest.xml:33:23-71
59
60                <data
60-->src/main/AndroidManifest.xml:34:13-68
61                    android:host="MyUPIApp"
61-->src/main/AndroidManifest.xml:34:42-65
62                    android:scheme="https" />
62-->src/main/AndroidManifest.xml:34:19-41
63            </intent-filter>
64        </activity>
65
66        <service android:name="io.invertase.firebase.messaging.ReactNativeFirebaseMessagingHeadlessService" />
66-->[:react-native-firebase_messaging] AndroidManifest.xml:16:9-111
66-->[:react-native-firebase_messaging] AndroidManifest.xml:16:18-108
67        <service
67-->[:react-native-firebase_messaging] AndroidManifest.xml:17:9-23:19
68            android:name="io.invertase.firebase.messaging.ReactNativeFirebaseMessagingService"
68-->[:react-native-firebase_messaging] AndroidManifest.xml:18:13-95
69            android:exported="false" >
69-->[:react-native-firebase_messaging] AndroidManifest.xml:19:13-37
70            <intent-filter>
70-->[:react-native-firebase_messaging] AndroidManifest.xml:20:13-22:29
71                <action android:name="com.google.firebase.MESSAGING_EVENT" />
71-->[:react-native-firebase_messaging] AndroidManifest.xml:21:17-78
71-->[:react-native-firebase_messaging] AndroidManifest.xml:21:25-75
72            </intent-filter>
73        </service>
74
75        <receiver
75-->[:react-native-firebase_messaging] AndroidManifest.xml:25:9-32:20
76            android:name="io.invertase.firebase.messaging.ReactNativeFirebaseMessagingReceiver"
76-->[:react-native-firebase_messaging] AndroidManifest.xml:26:13-96
77            android:exported="true"
77-->[:react-native-firebase_messaging] AndroidManifest.xml:27:13-36
78            android:permission="com.google.android.c2dm.permission.SEND" >
78-->[:react-native-firebase_messaging] AndroidManifest.xml:28:13-73
79            <intent-filter>
79-->[:react-native-firebase_messaging] AndroidManifest.xml:29:13-31:29
80                <action android:name="com.google.android.c2dm.intent.RECEIVE" />
80-->[:react-native-firebase_messaging] AndroidManifest.xml:30:17-81
80-->[:react-native-firebase_messaging] AndroidManifest.xml:30:25-78
81            </intent-filter>
82        </receiver>
83
84        <meta-data
84-->[:react-native-firebase_messaging] AndroidManifest.xml:34:9-36:36
85            android:name="firebase_messaging_auto_init_enabled"
85-->[:react-native-firebase_messaging] AndroidManifest.xml:35:13-64
86            android:value="true" />
86-->[:react-native-firebase_messaging] AndroidManifest.xml:36:13-33
87        <meta-data
87-->[:react-native-firebase_messaging] AndroidManifest.xml:37:9-39:32
88            android:name="com.google.firebase.messaging.default_notification_channel_id"
88-->[:react-native-firebase_messaging] AndroidManifest.xml:38:13-89
89            android:value="" />
89-->[:react-native-firebase_messaging] AndroidManifest.xml:39:13-29
90        <meta-data
90-->[:react-native-firebase_messaging] AndroidManifest.xml:40:9-42:47
91            android:name="com.google.firebase.messaging.default_notification_color"
91-->[:react-native-firebase_messaging] AndroidManifest.xml:41:13-84
92            android:resource="@color/white" />
92-->[:react-native-firebase_messaging] AndroidManifest.xml:42:13-44
93        <meta-data
93-->[:react-native-firebase_app] AndroidManifest.xml:12:9-14:36
94            android:name="app_data_collection_default_enabled"
94-->[:react-native-firebase_app] AndroidManifest.xml:13:13-63
95            android:value="true" />
95-->[:react-native-firebase_app] AndroidManifest.xml:14:13-33
96
97        <service
97-->[:react-native-firebase_app] AndroidManifest.xml:16:9-20:19
98            android:name="com.google.firebase.components.ComponentDiscoveryService"
98-->[:react-native-firebase_app] AndroidManifest.xml:16:18-89
99            android:directBootAware="true"
99-->[com.google.firebase:firebase-common:20.0.0] AndroidManifest.xml:35:13-43
100            android:exported="false" >
100-->[com.google.firebase:firebase-auth:21.0.1] AndroidManifest.xml:76:13-37
101            <meta-data
101-->[:react-native-firebase_app] AndroidManifest.xml:17:13-19:85
102                android:name="com.google.firebase.components:io.invertase.firebase.app.ReactNativeFirebaseAppRegistrar"
102-->[:react-native-firebase_app] AndroidManifest.xml:18:17-120
103                android:value="com.google.firebase.components.ComponentRegistrar" />
103-->[:react-native-firebase_app] AndroidManifest.xml:19:17-82
104            <meta-data
104-->[com.google.firebase:firebase-auth:21.0.1] AndroidManifest.xml:77:13-79:85
105                android:name="com.google.firebase.components:com.google.firebase.auth.FirebaseAuthRegistrar"
105-->[com.google.firebase:firebase-auth:21.0.1] AndroidManifest.xml:78:17-109
106                android:value="com.google.firebase.components.ComponentRegistrar" />
106-->[com.google.firebase:firebase-auth:21.0.1] AndroidManifest.xml:79:17-82
107            <meta-data
107-->[:react-native-firebase] AndroidManifest.xml:17:13-19:85
108                android:name="com.google.firebase.components:io.invertase.firebase.ReactNativeFirebaseAppRegistrar"
108-->[:react-native-firebase] AndroidManifest.xml:18:17-116
109                android:value="com.google.firebase.components.ComponentRegistrar" />
109-->[:react-native-firebase] AndroidManifest.xml:19:17-82
110            <meta-data
110-->[com.google.firebase:firebase-messaging:23.0.0] AndroidManifest.xml:52:13-54:85
111                android:name="com.google.firebase.components:com.google.firebase.messaging.FirebaseMessagingRegistrar"
111-->[com.google.firebase:firebase-messaging:23.0.0] AndroidManifest.xml:53:17-119
112                android:value="com.google.firebase.components.ComponentRegistrar" />
112-->[com.google.firebase:firebase-messaging:23.0.0] AndroidManifest.xml:54:17-82
113            <meta-data
113-->[com.google.firebase:firebase-datatransport:18.0.0] AndroidManifest.xml:28:13-30:85
114                android:name="com.google.firebase.components:com.google.firebase.datatransport.TransportRegistrar"
114-->[com.google.firebase:firebase-datatransport:18.0.0] AndroidManifest.xml:29:17-115
115                android:value="com.google.firebase.components.ComponentRegistrar" />
115-->[com.google.firebase:firebase-datatransport:18.0.0] AndroidManifest.xml:30:17-82
116            <meta-data
116-->[com.google.firebase:firebase-firestore:24.0.1] AndroidManifest.xml:20:13-22:85
117                android:name="com.google.firebase.components:com.google.firebase.firestore.FirestoreRegistrar"
117-->[com.google.firebase:firebase-firestore:24.0.1] AndroidManifest.xml:21:17-111
118                android:value="com.google.firebase.components.ComponentRegistrar" />
118-->[com.google.firebase:firebase-firestore:24.0.1] AndroidManifest.xml:22:17-82
119            <meta-data
119-->[com.google.android.gms:play-services-measurement-api:20.1.0] AndroidManifest.xml:30:13-32:85
120                android:name="com.google.firebase.components:com.google.firebase.analytics.connector.internal.AnalyticsConnectorRegistrar"
120-->[com.google.android.gms:play-services-measurement-api:20.1.0] AndroidManifest.xml:31:17-139
121                android:value="com.google.firebase.components.ComponentRegistrar" />
121-->[com.google.android.gms:play-services-measurement-api:20.1.0] AndroidManifest.xml:32:17-82
122            <meta-data
122-->[com.google.firebase:firebase-installations:17.0.0] AndroidManifest.xml:18:13-20:85
123                android:name="com.google.firebase.components:com.google.firebase.installations.FirebaseInstallationsRegistrar"
123-->[com.google.firebase:firebase-installations:17.0.0] AndroidManifest.xml:19:17-127
124                android:value="com.google.firebase.components.ComponentRegistrar" />
124-->[com.google.firebase:firebase-installations:17.0.0] AndroidManifest.xml:20:17-82
125        </service>
126
127        <provider
127-->[:react-native-firebase_app] AndroidManifest.xml:22:9-26:38
128            android:name="io.invertase.firebase.app.ReactNativeFirebaseAppInitProvider"
128-->[:react-native-firebase_app] AndroidManifest.xml:23:13-88
129            android:authorities="com.splitpay.reactnativefirebaseappinitprovider"
129-->[:react-native-firebase_app] AndroidManifest.xml:24:13-86
130            android:exported="false"
130-->[:react-native-firebase_app] AndroidManifest.xml:25:13-37
131            android:initOrder="99" />
131-->[:react-native-firebase_app] AndroidManifest.xml:26:13-35
132
133        <activity
133-->[com.google.firebase:firebase-auth:21.0.1] AndroidManifest.xml:27:9-44:20
134            android:name="com.google.firebase.auth.internal.GenericIdpActivity"
134-->[com.google.firebase:firebase-auth:21.0.1] AndroidManifest.xml:28:13-80
135            android:excludeFromRecents="true"
135-->[com.google.firebase:firebase-auth:21.0.1] AndroidManifest.xml:29:13-46
136            android:exported="true"
136-->[com.google.firebase:firebase-auth:21.0.1] AndroidManifest.xml:30:13-36
137            android:launchMode="singleTask"
137-->[com.google.firebase:firebase-auth:21.0.1] AndroidManifest.xml:31:13-44
138            android:theme="@android:style/Theme.Translucent.NoTitleBar" >
138-->[com.google.firebase:firebase-auth:21.0.1] AndroidManifest.xml:32:13-72
139            <intent-filter>
139-->[com.google.firebase:firebase-auth:21.0.1] AndroidManifest.xml:33:13-43:29
140                <action android:name="android.intent.action.VIEW" />
140-->src/main/AndroidManifest.xml:31:13-65
140-->src/main/AndroidManifest.xml:31:21-62
141
142                <category android:name="android.intent.category.DEFAULT" />
142-->src/main/AndroidManifest.xml:32:13-72
142-->src/main/AndroidManifest.xml:32:23-69
143                <category android:name="android.intent.category.BROWSABLE" />
143-->src/main/AndroidManifest.xml:33:13-74
143-->src/main/AndroidManifest.xml:33:23-71
144
145                <data
145-->src/main/AndroidManifest.xml:34:13-68
146                    android:host="firebase.auth"
146-->src/main/AndroidManifest.xml:34:42-65
147                    android:path="/"
148                    android:scheme="genericidp" />
148-->src/main/AndroidManifest.xml:34:19-41
149            </intent-filter>
150        </activity>
151        <activity
151-->[com.google.firebase:firebase-auth:21.0.1] AndroidManifest.xml:45:9-62:20
152            android:name="com.google.firebase.auth.internal.RecaptchaActivity"
152-->[com.google.firebase:firebase-auth:21.0.1] AndroidManifest.xml:46:13-79
153            android:excludeFromRecents="true"
153-->[com.google.firebase:firebase-auth:21.0.1] AndroidManifest.xml:47:13-46
154            android:exported="true"
154-->[com.google.firebase:firebase-auth:21.0.1] AndroidManifest.xml:48:13-36
155            android:launchMode="singleTask"
155-->[com.google.firebase:firebase-auth:21.0.1] AndroidManifest.xml:49:13-44
156            android:theme="@android:style/Theme.Translucent.NoTitleBar" >
156-->[com.google.firebase:firebase-auth:21.0.1] AndroidManifest.xml:50:13-72
157            <intent-filter>
157-->[com.google.firebase:firebase-auth:21.0.1] AndroidManifest.xml:51:13-61:29
158                <action android:name="android.intent.action.VIEW" />
158-->src/main/AndroidManifest.xml:31:13-65
158-->src/main/AndroidManifest.xml:31:21-62
159
160                <category android:name="android.intent.category.DEFAULT" />
160-->src/main/AndroidManifest.xml:32:13-72
160-->src/main/AndroidManifest.xml:32:23-69
161                <category android:name="android.intent.category.BROWSABLE" />
161-->src/main/AndroidManifest.xml:33:13-74
161-->src/main/AndroidManifest.xml:33:23-71
162
163                <data
163-->src/main/AndroidManifest.xml:34:13-68
164                    android:host="firebase.auth"
164-->src/main/AndroidManifest.xml:34:42-65
165                    android:path="/"
166                    android:scheme="recaptcha" />
166-->src/main/AndroidManifest.xml:34:19-41
167            </intent-filter>
168        </activity>
169
170        <service
170-->[com.google.firebase:firebase-auth:21.0.1] AndroidManifest.xml:64:9-73:19
171            android:name="com.google.firebase.auth.api.fallback.service.FirebaseAuthFallbackService"
171-->[com.google.firebase:firebase-auth:21.0.1] AndroidManifest.xml:65:13-101
172            android:enabled="true"
172-->[com.google.firebase:firebase-auth:21.0.1] AndroidManifest.xml:66:13-35
173            android:exported="false" >
173-->[com.google.firebase:firebase-auth:21.0.1] AndroidManifest.xml:67:13-37
174            <intent-filter>
174-->[com.google.firebase:firebase-auth:21.0.1] AndroidManifest.xml:68:13-72:29
175                <action android:name="com.google.firebase.auth.api.gms.service.START" />
175-->[com.google.firebase:firebase-auth:21.0.1] AndroidManifest.xml:69:17-89
175-->[com.google.firebase:firebase-auth:21.0.1] AndroidManifest.xml:69:25-86
176
177                <category android:name="android.intent.category.DEFAULT" />
177-->src/main/AndroidManifest.xml:32:13-72
177-->src/main/AndroidManifest.xml:32:23-69
178            </intent-filter>
179        </service>
180        <service
180-->[com.google.android.gms:play-services-mlkit-barcode-scanning:16.2.0] AndroidManifest.xml:9:9-15:19
181            android:name="com.google.mlkit.common.internal.MlKitComponentDiscoveryService"
181-->[com.google.android.gms:play-services-mlkit-barcode-scanning:16.2.0] AndroidManifest.xml:10:13-91
182            android:directBootAware="true"
182-->[com.google.mlkit:common:17.2.0] AndroidManifest.xml:17:13-43
183            android:exported="false" >
183-->[com.google.android.gms:play-services-mlkit-barcode-scanning:16.2.0] AndroidManifest.xml:11:13-37
184            <meta-data
184-->[com.google.android.gms:play-services-mlkit-barcode-scanning:16.2.0] AndroidManifest.xml:12:13-14:85
185                android:name="com.google.firebase.components:com.google.mlkit.vision.barcode.internal.BarcodeRegistrar"
185-->[com.google.android.gms:play-services-mlkit-barcode-scanning:16.2.0] AndroidManifest.xml:13:17-120
186                android:value="com.google.firebase.components.ComponentRegistrar" />
186-->[com.google.android.gms:play-services-mlkit-barcode-scanning:16.2.0] AndroidManifest.xml:14:17-82
187            <meta-data
187-->[com.google.android.gms:play-services-mlkit-face-detection:16.2.0] AndroidManifest.xml:12:13-14:85
188                android:name="com.google.firebase.components:com.google.mlkit.vision.face.internal.FaceRegistrar"
188-->[com.google.android.gms:play-services-mlkit-face-detection:16.2.0] AndroidManifest.xml:13:17-114
189                android:value="com.google.firebase.components.ComponentRegistrar" />
189-->[com.google.android.gms:play-services-mlkit-face-detection:16.2.0] AndroidManifest.xml:14:17-82
190            <meta-data
190-->[com.google.android.gms:play-services-mlkit-text-recognition:16.3.0] AndroidManifest.xml:12:13-14:85
191                android:name="com.google.firebase.components:com.google.mlkit.vision.text.internal.TextRegistrar"
191-->[com.google.android.gms:play-services-mlkit-text-recognition:16.3.0] AndroidManifest.xml:13:17-114
192                android:value="com.google.firebase.components.ComponentRegistrar" />
192-->[com.google.android.gms:play-services-mlkit-text-recognition:16.3.0] AndroidManifest.xml:14:17-82
193            <meta-data
193-->[com.google.mlkit:vision-common:16.5.0] AndroidManifest.xml:12:13-14:85
194                android:name="com.google.firebase.components:com.google.mlkit.vision.common.internal.VisionCommonRegistrar"
194-->[com.google.mlkit:vision-common:16.5.0] AndroidManifest.xml:13:17-124
195                android:value="com.google.firebase.components.ComponentRegistrar" />
195-->[com.google.mlkit:vision-common:16.5.0] AndroidManifest.xml:14:17-82
196            <meta-data
196-->[com.google.mlkit:common:17.2.0] AndroidManifest.xml:20:13-22:85
197                android:name="com.google.firebase.components:com.google.mlkit.common.internal.CommonComponentRegistrar"
197-->[com.google.mlkit:common:17.2.0] AndroidManifest.xml:21:17-120
198                android:value="com.google.firebase.components.ComponentRegistrar" />
198-->[com.google.mlkit:common:17.2.0] AndroidManifest.xml:22:17-82
199        </service>
200
201        <receiver
201-->[com.google.firebase:firebase-messaging:23.0.0] AndroidManifest.xml:28:9-35:20
202            android:name="com.google.firebase.iid.FirebaseInstanceIdReceiver"
202-->[com.google.firebase:firebase-messaging:23.0.0] AndroidManifest.xml:29:13-78
203            android:exported="true"
203-->[com.google.firebase:firebase-messaging:23.0.0] AndroidManifest.xml:30:13-36
204            android:permission="com.google.android.c2dm.permission.SEND" >
204-->[com.google.firebase:firebase-messaging:23.0.0] AndroidManifest.xml:31:13-73
205            <intent-filter>
205-->[:react-native-firebase_messaging] AndroidManifest.xml:29:13-31:29
206                <action android:name="com.google.android.c2dm.intent.RECEIVE" />
206-->[:react-native-firebase_messaging] AndroidManifest.xml:30:17-81
206-->[:react-native-firebase_messaging] AndroidManifest.xml:30:25-78
207            </intent-filter>
208        </receiver>
209        <!--
210             FirebaseMessagingService performs security checks at runtime,
211             but set to not exported to explicitly avoid allowing another app to call it.
212        -->
213        <service
213-->[com.google.firebase:firebase-messaging:23.0.0] AndroidManifest.xml:41:9-48:19
214            android:name="com.google.firebase.messaging.FirebaseMessagingService"
214-->[com.google.firebase:firebase-messaging:23.0.0] AndroidManifest.xml:42:13-82
215            android:directBootAware="true"
215-->[com.google.firebase:firebase-messaging:23.0.0] AndroidManifest.xml:43:13-43
216            android:exported="false" >
216-->[com.google.firebase:firebase-messaging:23.0.0] AndroidManifest.xml:44:13-37
217            <intent-filter android:priority="-500" >
217-->[:react-native-firebase_messaging] AndroidManifest.xml:20:13-22:29
218                <action android:name="com.google.firebase.MESSAGING_EVENT" />
218-->[:react-native-firebase_messaging] AndroidManifest.xml:21:17-78
218-->[:react-native-firebase_messaging] AndroidManifest.xml:21:25-75
219            </intent-filter>
220        </service>
221
222        <provider
222-->[com.google.mlkit:common:17.2.0] AndroidManifest.xml:9:9-13:38
223            android:name="com.google.mlkit.common.internal.MlKitInitProvider"
223-->[com.google.mlkit:common:17.2.0] AndroidManifest.xml:10:13-78
224            android:authorities="com.splitpay.mlkitinitprovider"
224-->[com.google.mlkit:common:17.2.0] AndroidManifest.xml:11:13-69
225            android:exported="false"
225-->[com.google.mlkit:common:17.2.0] AndroidManifest.xml:12:13-37
226            android:initOrder="99" />
226-->[com.google.mlkit:common:17.2.0] AndroidManifest.xml:13:13-35
227
228        <service
228-->[com.google.android.datatransport:transport-backend-cct:3.0.0] AndroidManifest.xml:29:9-35:19
229            android:name="com.google.android.datatransport.runtime.backends.TransportBackendDiscovery"
229-->[com.google.android.datatransport:transport-backend-cct:3.0.0] AndroidManifest.xml:30:13-103
230            android:exported="false" >
230-->[com.google.android.datatransport:transport-backend-cct:3.0.0] AndroidManifest.xml:31:13-37
231            <meta-data
231-->[com.google.android.datatransport:transport-backend-cct:3.0.0] AndroidManifest.xml:32:13-34:39
232                android:name="backend:com.google.android.datatransport.cct.CctBackendFactory"
232-->[com.google.android.datatransport:transport-backend-cct:3.0.0] AndroidManifest.xml:33:17-94
233                android:value="cct" />
233-->[com.google.android.datatransport:transport-backend-cct:3.0.0] AndroidManifest.xml:34:17-36
234        </service>
235
236        <provider
236-->[com.google.firebase:firebase-common:20.0.0] AndroidManifest.xml:26:9-31:39
237            android:name="com.google.firebase.provider.FirebaseInitProvider"
237-->[com.google.firebase:firebase-common:20.0.0] AndroidManifest.xml:27:13-77
238            android:authorities="com.splitpay.firebaseinitprovider"
238-->[com.google.firebase:firebase-common:20.0.0] AndroidManifest.xml:28:13-72
239            android:directBootAware="true"
239-->[com.google.firebase:firebase-common:20.0.0] AndroidManifest.xml:29:13-43
240            android:exported="false"
240-->[com.google.firebase:firebase-common:20.0.0] AndroidManifest.xml:30:13-37
241            android:initOrder="100" />
241-->[com.google.firebase:firebase-common:20.0.0] AndroidManifest.xml:31:13-36
242
243        <activity
243-->[com.google.android.gms:play-services-auth:20.1.0] AndroidManifest.xml:23:9-27:75
244            android:name="com.google.android.gms.auth.api.signin.internal.SignInHubActivity"
244-->[com.google.android.gms:play-services-auth:20.1.0] AndroidManifest.xml:24:13-93
245            android:excludeFromRecents="true"
245-->[com.google.android.gms:play-services-auth:20.1.0] AndroidManifest.xml:25:13-46
246            android:exported="false"
246-->[com.google.android.gms:play-services-auth:20.1.0] AndroidManifest.xml:26:13-37
247            android:theme="@android:style/Theme.Translucent.NoTitleBar" />
247-->[com.google.android.gms:play-services-auth:20.1.0] AndroidManifest.xml:27:13-72
248        <!--
249            Service handling Google Sign-In user revocation. For apps that do not integrate with
250            Google Sign-In, this service will never be started.
251        -->
252        <service
252-->[com.google.android.gms:play-services-auth:20.1.0] AndroidManifest.xml:33:9-37:51
253            android:name="com.google.android.gms.auth.api.signin.RevocationBoundService"
253-->[com.google.android.gms:play-services-auth:20.1.0] AndroidManifest.xml:34:13-89
254            android:exported="true"
254-->[com.google.android.gms:play-services-auth:20.1.0] AndroidManifest.xml:35:13-36
255            android:permission="com.google.android.gms.auth.api.signin.permission.REVOCATION_NOTIFICATION"
255-->[com.google.android.gms:play-services-auth:20.1.0] AndroidManifest.xml:36:13-107
256            android:visibleToInstantApps="true" />
256-->[com.google.android.gms:play-services-auth:20.1.0] AndroidManifest.xml:37:13-48
257
258        <activity
258-->[com.google.android.gms:play-services-base:18.0.1] AndroidManifest.xml:20:9-22:45
259            android:name="com.google.android.gms.common.api.GoogleApiActivity"
259-->[com.google.android.gms:play-services-base:18.0.1] AndroidManifest.xml:20:19-85
260            android:exported="false"
260-->[com.google.android.gms:play-services-base:18.0.1] AndroidManifest.xml:22:19-43
261            android:theme="@android:style/Theme.Translucent.NoTitleBar" />
261-->[com.google.android.gms:play-services-base:18.0.1] AndroidManifest.xml:21:19-78
262
263        <receiver
263-->[com.google.android.gms:play-services-measurement:20.1.0] AndroidManifest.xml:29:9-33:20
264            android:name="com.google.android.gms.measurement.AppMeasurementReceiver"
264-->[com.google.android.gms:play-services-measurement:20.1.0] AndroidManifest.xml:30:13-85
265            android:enabled="true"
265-->[com.google.android.gms:play-services-measurement:20.1.0] AndroidManifest.xml:31:13-35
266            android:exported="false" >
266-->[com.google.android.gms:play-services-measurement:20.1.0] AndroidManifest.xml:32:13-37
267        </receiver>
268
269        <service
269-->[com.google.android.gms:play-services-measurement:20.1.0] AndroidManifest.xml:35:9-38:40
270            android:name="com.google.android.gms.measurement.AppMeasurementService"